<?xml version="1.0" encoding="UTF-8"?>
<!-- Generated by org.testng.reporters.JUnitReportReporter -->
<testsuite hostname="nmahit10" name="Native.Demo1" tests="1" failures="0" timestamp="17 Dec 2020 04:50:52 GMT" time="91.166" errors="0">
  <testcase name="testcase5" time="91.166" classname="Native.Demo1"/>
</testsuite> <!-- Native.Demo1 -->
